kotlin version: 2.0.21
error message: org.jetbrains.kotlin.backend.common.BackendException: Backend Internal error: Exception during IR lowering
File being compiled: D:/Uni/7mo Semestre/Aplicaciones Moviles/Proyecto/pokeApk/app/src/main/java/com/pokeapp/pokeApk/data/repository/pokeCompose.kt
The root cause java.lang.RuntimeException was thrown at: org.jetbrains.kotlin.backend.jvm.codegen.FunctionCodegen.generate(FunctionCodegen.kt:47)
	at org.jetbrains.kotlin.backend.common.CodegenUtil.reportBackendException(CodegenUtil.kt:253)
	at org.jetbrains.kotlin.backend.common.CodegenUtil.reportBackendException$default(CodegenUtil.kt:236)
	at org.jetbrains.kotlin.backend.common.phaser.PerformByIrFilePhase.invokeSequential(performByIrFile.kt:65)
	at org.jetbrains.kotlin.backend.common.phaser.PerformByIrFilePhase.invoke(performByIrFile.kt:52)
	at org.jetbrains.kotlin.backend.common.phaser.PerformByIrFilePhase.invoke(performByIrFile.kt:38)
	at org.jetbrains.kotlin.backend.common.phaser.NamedCompilerPhase.phaseBody(CompilerPhase.kt:166)
	at org.jetbrains.kotlin.backend.common.phaser.AbstractNamedCompilerPhase.invoke(CompilerPhase.kt:113)
	at org.jetbrains.kotlin.backend.common.phaser.CompositePhase.invoke(PhaseBuilders.kt:27)
	at org.jetbrains.kotlin.backend.common.phaser.CompositePhase.invoke(PhaseBuilders.kt:14)
	at org.jetbrains.kotlin.backend.common.phaser.NamedCompilerPhase.phaseBody(CompilerPhase.kt:166)
	at org.jetbrains.kotlin.backend.common.phaser.AbstractNamedCompilerPhase.invoke(CompilerPhase.kt:113)
	at org.jetbrains.kotlin.backend.common.phaser.CompilerPhaseKt.invokeToplevel(CompilerPhase.kt:62)
	at org.jetbrains.kotlin.backend.jvm.JvmIrCodegenFactory.invokeCodegen(JvmIrCodegenFactory.kt:371)
	at org.jetbrains.kotlin.codegen.CodegenFactory.generateModule(CodegenFactory.kt:47)
	at org.jetbrains.kotlin.backend.jvm.JvmIrCodegenFactory.generateModuleInFrontendIRMode(JvmIrCodegenFactory.kt:433)
	at org.jetbrains.kotlin.cli.jvm.compiler.pipeline.JvmCompilerPipelineKt.generateCodeFromIr(jvmCompilerPipeline.kt:246)
	at org.jetbrains.kotlin.cli.jvm.compiler.pipeline.JvmCompilerPipelineKt.compileModulesUsingFrontendIrAndLightTree(jvmCompilerPipeline.kt:142)
	at org.jetbrains.kotlin.cli.jvm.K2JVMCompiler.doExecute(K2JVMCompiler.kt:148)
	at org.jetbrains.kotlin.cli.jvm.K2JVMCompiler.doExecute(K2JVMCompiler.kt:43)
	at org.jetbrains.kotlin.cli.common.CLICompiler.execImpl(CLICompiler.kt:103)
	at org.jetbrains.kotlin.cli.common.CLICompiler.execImpl(CLICompiler.kt:49)
	at org.jetbrains.kotlin.cli.common.CLITool.exec(CLITool.kt:101)
	at org.jetbrains.kotlin.incremental.IncrementalJvmCompilerRunner.runCompiler(IncrementalJvmCompilerRunner.kt:464)
	at org.jetbrains.kotlin.incremental.IncrementalJvmCompilerRunner.runCompiler(IncrementalJvmCompilerRunner.kt:73)
	at org.jetbrains.kotlin.incremental.IncrementalCompilerRunner.doCompile(IncrementalCompilerRunner.kt:506)
	at org.jetbrains.kotlin.incremental.IncrementalCompilerRunner.compileImpl(IncrementalCompilerRunner.kt:423)
	at org.jetbrains.kotlin.incremental.IncrementalCompilerRunner.tryCompileIncrementally$lambda$9$compile(IncrementalCompilerRunner.kt:249)
	at org.jetbrains.kotlin.incremental.IncrementalCompilerRunner.tryCompileIncrementally(IncrementalCompilerRunner.kt:267)
	at org.jetbrains.kotlin.incremental.IncrementalCompilerRunner.compile(IncrementalCompilerRunner.kt:120)
	at org.jetbrains.kotlin.daemon.CompileServiceImplBase.execIncrementalCompiler(CompileServiceImpl.kt:675)
	at org.jetbrains.kotlin.daemon.CompileServiceImplBase.access$execIncrementalCompiler(CompileServiceImpl.kt:92)
	at org.jetbrains.kotlin.daemon.CompileServiceImpl.compile(CompileServiceImpl.kt:1660)
	at java.base/jdk.internal.reflect.DirectMethodHandleAccessor.invoke(Unknown Source)
	at java.base/java.lang.reflect.Method.invoke(Unknown Source)
	at java.rmi/sun.rmi.server.UnicastServerRef.dispatch(Unknown Source)
	at java.rmi/sun.rmi.transport.Transport$1.run(Unknown Source)
	at java.rmi/sun.rmi.transport.Transport$1.run(Unknown Source)
	at java.base/java.security.AccessController.doPrivileged(Unknown Source)
	at java.rmi/sun.rmi.transport.Transport.serviceCall(Unknown Source)
	at java.rmi/sun.rmi.transport.tcp.TCPTransport.handleMessages(Unknown Source)
	at java.rmi/sun.rmi.transport.tcp.TCPTransport$ConnectionHandler.run0(Unknown Source)
	at java.rmi/sun.rmi.transport.tcp.TCPTransport$ConnectionHandler.lambda$run$0(Unknown Source)
	at java.base/java.security.AccessController.doPrivileged(Unknown Source)
	at java.rmi/sun.rmi.transport.tcp.TCPTransport$ConnectionHandler.run(Unknown Source)
	at java.base/java.util.concurrent.ThreadPoolExecutor.runWorker(Unknown Source)
	at java.base/java.util.concurrent.ThreadPoolExecutor$Worker.run(Unknown Source)
	at java.base/java.lang.Thread.run(Unknown Source)
Caused by: java.lang.RuntimeException: Exception while generating code for:
FUN name:SimplePokemonDetailFixed visibility:public modality:FINAL <> () returnType:kotlin.Unit
  annotations:
    Composable
  BLOCK_BODY
    VAR name:context type:android.content.Context [val]
      CALL 'public final fun <get-current> (): T of androidx.compose.runtime.CompositionLocal [inline] declared in androidx.compose.runtime.CompositionLocal' type=android.content.Context origin=GET_PROPERTY
        $this: TYPE_OP type=androidx.compose.runtime.CompositionLocal<T of androidx.compose.runtime.CompositionLocal> origin=IMPLICIT_CAST typeOperand=androidx.compose.runtime.CompositionLocal<T of androidx.compose.runtime.CompositionLocal>
          CALL 'public final fun <get-LocalContext> (): androidx.compose.runtime.ProvidableCompositionLocal<android.content.Context> declared in androidx.compose.ui.platform.AndroidCompositionLocals_androidKt' type=androidx.compose.runtime.ProvidableCompositionLocal<android.content.Context> origin=GET_PROPERTY
    VAR name:repository type:com.pokeapp.pokeApk.data.repository.PokeRepository [val]
      CALL 'public final fun remember <T> (calculation: @[DisallowComposableCalls] kotlin.Function0<T of androidx.compose.runtime.ComposablesKt.remember>): T of androidx.compose.runtime.ComposablesKt.remember [inline] declared in androidx.compose.runtime.ComposablesKt' type=com.pokeapp.pokeApk.data.repository.PokeRepository origin=null
        <T>: com.pokeapp.pokeApk.data.repository.PokeRepository
        calculation: BLOCK type=kotlin.Function0<com.pokeapp.pokeApk.data.repository.PokeRepository> origin=LAMBDA
          COMPOSITE type=kotlin.Unit origin=null
          FUNCTION_REFERENCE 'private final fun SimplePokemonDetailFixed$lambda$0 ($context: android.content.Context): com.pokeapp.pokeApk.data.repository.PokeRepository declared in com.pokeapp.pokeApk.data.repository.PokeComposeKt' type=kotlin.Function0<com.pokeapp.pokeApk.data.repository.PokeRepository> origin=INLINE_LAMBDA reflectionTarget=null
            $context: GET_VAR 'val context: android.content.Context [val] declared in com.pokeapp.pokeApk.data.repository.PokeComposeKt.SimplePokemonDetailFixed' type=android.content.Context origin=null
    VAR PROPERTY_DELEGATE name:isLoading$delegate type:androidx.compose.runtime.MutableState<kotlin.Boolean> [val]
      CALL 'public final fun remember <T> (calculation: @[DisallowComposableCalls] kotlin.Function0<T of androidx.compose.runtime.ComposablesKt.remember>): T of androidx.compose.runtime.ComposablesKt.remember [inline] declared in androidx.compose.runtime.ComposablesKt' type=androidx.compose.runtime.MutableState<kotlin.Boolean> origin=null
        <T>: androidx.compose.runtime.MutableState<kotlin.Boolean>
        calculation: BLOCK type=kotlin.Function0<androidx.compose.runtime.MutableState<kotlin.Boolean>> origin=LAMBDA
          COMPOSITE type=kotlin.Unit origin=null
          FUNCTION_REFERENCE 'private final fun SimplePokemonDetailFixed$lambda$1 (): androidx.compose.runtime.MutableState<kotlin.Boolean> declared in com.pokeapp.pokeApk.data.repository.PokeComposeKt' type=kotlin.Function0<androidx.compose.runtime.MutableState<kotlin.Boolean>> origin=INLINE_LAMBDA reflectionTarget=null
    VAR PROPERTY_DELEGATE name:pokemon$delegate type:androidx.compose.runtime.MutableState<com.pokeapp.pokeApk.data.localDatabase.model.PokemonEntity?> [val]
      CALL 'public final fun remember <T> (calculation: @[DisallowComposableCalls] kotlin.Function0<T of androidx.compose.runtime.ComposablesKt.remember>): T of androidx.compose.runtime.ComposablesKt.remember [inline] declared in androidx.compose.runtime.ComposablesKt' type=androidx.compose.runtime.MutableState<com.pokeapp.pokeApk.data.localDatabase.model.PokemonEntity?> origin=null
        <T>: androidx.compose.runtime.MutableState<com.pokeapp.pokeApk.data.localDatabase.model.PokemonEntity?>
        calculation: BLOCK type=kotlin.Function0<androidx.compose.runtime.MutableState<com.pokeapp.pokeApk.data.localDatabase.model.PokemonEntity?>> origin=LAMBDA
          COMPOSITE type=kotlin.Unit origin=null
          FUNCTION_REFERENCE 'private final fun SimplePokemonDetailFixed$lambda$4 (): androidx.compose.runtime.MutableState<com.pokeapp.pokeApk.data.localDatabase.model.PokemonEntity?> declared in com.pokeapp.pokeApk.data.repository.PokeComposeKt' type=kotlin.Function0<androidx.compose.runtime.MutableState<com.pokeapp.pokeApk.data.localDatabase.model.PokemonEntity?>> origin=INLINE_LAMBDA reflectionTarget=null
    VAR PROPERTY_DELEGATE name:error$delegate type:androidx.compose.runtime.MutableState<kotlin.String?> [val]
      CALL 'public final fun remember <T> (calculation: @[DisallowComposableCalls] kotlin.Function0<T of androidx.compose.runtime.ComposablesKt.remember>): T of androidx.compose.runtime.ComposablesKt.remember [inline] declared in androidx.compose.runtime.ComposablesKt' type=androidx.compose.runtime.MutableState<kotlin.String?> origin=null
        <T>: androidx.compose.runtime.MutableState<kotlin.String?>
        calculation: BLOCK type=kotlin.Function0<androidx.compose.runtime.MutableState<kotlin.String?>> origin=LAMBDA
          COMPOSITE type=kotlin.Unit origin=null
          FUNCTION_REFERENCE 'private final fun SimplePokemonDetailFixed$lambda$7 (): androidx.compose.runtime.MutableState<kotlin.String?> declared in com.pokeapp.pokeApk.data.repository.PokeComposeKt' type=kotlin.Function0<androidx.compose.runtime.MutableState<kotlin.String?>> origin=INLINE_LAMBDA reflectionTarget=null
    VAR name:pokemonId type:kotlin.Int [val]
      CONST Int type=kotlin.Int value=25
    CALL 'public final fun LaunchedEffect (key1: kotlin.Any?, block: @[ExtensionFunctionType] kotlin.coroutines.SuspendFunction1<kotlinx.coroutines.CoroutineScope, kotlin.Unit>): kotlin.Unit declared in androidx.compose.runtime.EffectsKt' type=kotlin.Unit origin=null
      key1: GET_VAR 'val pokemonId: kotlin.Int [val] declared in com.pokeapp.pokeApk.data.repository.PokeComposeKt.SimplePokemonDetailFixed' type=kotlin.Int origin=null
      block: BLOCK type=com.pokeapp.pokeApk.data.repository.PokeComposeKt.SimplePokemonDetailFixed.<no name provided> origin=null
        CLASS SUSPEND_LAMBDA CLASS name:<no name provided> modality:FINAL visibility:public/*package*/ superTypes:[kotlin.coroutines.jvm.internal.SuspendLambda; kotlin.jvm.functions.Function2<kotlinx.coroutines.CoroutineScope, kotlin.coroutines.Continuation<kotlin.Unit>?, kotlin.Any?>]
          $this: VALUE_PARAMETER INSTANCE_RECEIVER name:<this> type:com.pokeapp.pokeApk.data.repository.PokeComposeKt.SimplePokemonDetailFixed.<no name provided>
          FIELD name:label type:kotlin.Int visibility:public/*package*/
          CONSTRUCTOR SUSPEND_LAMBDA visibility:public/*package*/ <> ($repository:com.pokeapp.pokeApk.data.repository.PokeRepository, $pokemonId:kotlin.Int, $pokemon$delegate:androidx.compose.runtime.MutableState<com.pokeapp.pokeApk.data.localDatabase.model.PokemonEntity?>, $error$delegate:androidx.compose.runtime.MutableState<kotlin.String?>, $isLoading$delegate:androidx.compose.runtime.MutableState<kotlin.Boolean>, $completion:kotlin.coroutines.Continuation<com.pokeapp.pokeApk.data.repository.PokeComposeKt.SimplePokemonDetailFixed.<no name provided>>?) returnType:com.pokeapp.pokeApk.data.repository.PokeComposeKt.SimplePokemonDetailFixed.<no name provided> [primary]
            VALUE_PARAMETER BOUND_VALUE_PARAMETER name:$repository index:0 type:com.pokeapp.pokeApk.data.repository.PokeRepository
            VALUE_PARAMETER BOUND_VALUE_PARAMETER name:$pokemonId index:1 type:kotlin.Int
            VALUE_PARAMETER BOUND_VALUE_PARAMETER name:$pokemon$delegate index:2 type:androidx.compose.runtime.MutableState<com.pokeapp.pokeApk.data.localDatabase.model.PokemonEntity?>
            VALUE_PARAMETER BOUND_VALUE_PARAMETER name:$error$delegate index:3 type:androidx.compose.runtime.MutableState<kotlin.String?>
            VALUE_PARAMETER BOUND_VALUE_PARAMETER name:$isLoading$delegate index:4 type:androidx.compose.runtime.MutableState<kotlin.Boolean>
            VALUE_PARAMETER name:$completion index:5 type:kotlin.coroutines.Continuation<com.pokeapp.pokeApk.data.repository.PokeComposeKt.SimplePokemonDetailFixed.<no name provided>>?
            BLOCK_BODY
              SET_FIELD 'FIELD FIELD_FOR_CAPTURED_VALUE name:$repository type:com.pokeapp.pokeApk.data.repository.PokeRepository visibility:public/*package*/ [final] declared in com.pokeapp.pokeApk.data.repository.PokeComposeKt.SimplePokemonDetailFixed.<no name provided>' type=kotlin.Unit origin=INITIALIZER_OF_FIELD_FOR_CAPTURED_VALUE
                receiver: GET_VAR '<this>: com.pokeapp.pokeApk.data.repository.PokeComposeKt.SimplePokemonDetailFixed.<no name provided> declared in com.pokeapp.pokeApk.data.repository.PokeComposeKt.SimplePokemonDetailFixed.<no name provided>' type=com.pokeapp.pokeApk.data.repository.PokeComposeKt.SimplePokemonDetailFixed.<no name provided> origin=null
                value: GET_VAR '$repository: com.pokeapp.pokeApk.data.repository.PokeRepository declared in com.pokeapp.pokeApk.data.repository.PokeComposeKt.SimplePokemonDetailFixed.<no name provided>.<init>' type=com.pokeapp.pokeApk.data.repository.PokeRepository origin=null
              SET_FIELD 'FIELD FIELD_FOR_CAPTURED_VALUE name:$pokemonId type:kotlin.Int visibility:public/*package*/ [final] declared in com.pokeapp.pokeApk.data.repository.PokeComposeKt.SimplePokemonDetailFixed.<no name provided>' type=kotlin.Unit origin=INITIALIZER_OF_FIELD_FOR_CAPTURED_VALUE
                receiver: GET_VAR '<this>: com.pokeapp.pokeApk.data.repository.PokeComposeKt.SimplePokemonDetailFixed.<no name provided> declared in com.pokeapp.pokeApk.data.repository.PokeComposeKt.SimplePokemonDetailFixed.<no name provided>' type=com.pokeapp.pokeApk.data.repository.PokeComposeKt.SimplePokemonDetailFixed.<no name provided> origin=null
                value: GET_VAR '$pokemonId: kotlin.Int declared in com.pokeapp.pokeApk.data.repository.PokeComposeKt.SimplePokemonDetailFixed.<no name provided>.<init>' type=kotlin.Int origin=null
              SET_FIELD 'FIELD FIELD_FOR_CAPTURED_VALUE name:$pokemon$delegate type:androidx.compose.runtime.MutableState<com.pokeapp.pokeApk.data.localDatabase.model.PokemonEntity?> visibility:public/*package*/ [final] declared in com.pokeapp.pokeApk.data.repository.PokeComposeKt.SimplePokemonDetailFixed.<no name provided>' type=kotlin.Unit origin=INITIALIZER_OF_FIELD_FOR_CAPTURED_VALUE
                receiver: GET_VAR '<this>: com.pokeapp.pokeApk.data.repository.PokeComposeKt.SimplePokemonDetailFixed.<no name provided> declared in com.pokeapp.pokeApk.data.repository.PokeComposeKt.SimplePokemonDetailFixed.<no name provided>' type=com.pokeapp.pokeApk.data.repository.PokeComposeKt.SimplePokemonDetailFixed.<no name provided> origin=null
                value: GET_VAR '$pokemon$delegate: androidx.compose.runtime.MutableState<com.pokeapp.pokeApk.data.localDatabase.model.PokemonEntity?> declared in com.pokeapp.pokeApk.data.repository.PokeComposeKt.SimplePokemonDetailFixed.<no name provided>.<init>' type=androidx.compose.runtime.MutableState<com.pokeapp.pokeApk.data.localDatabase.model.PokemonEntity?> origin=null
              SET_FIELD 'FIELD FIELD_FOR_CAPTURED_VALUE name:$error$delegate type:androidx.compose.runtime.MutableState<kotlin.String?> visibility:public/*package*/ [final] declared in com.pokeapp.pokeApk.data.repository.PokeComposeKt.SimplePokemonDetailFixed.<no name provided>' type=kotlin.Unit origin=INITIALIZER_OF_FIELD_FOR_CAPTURED_VALUE
                receiver: GET_VAR '<this>: com.pokeapp.pokeApk.data.repository.PokeComposeKt.SimplePokemonDetailFixed.<no name provided> declared in com.pokeapp.pokeApk.data.repository.PokeComposeKt.SimplePokemonDetailFixed.<no name provided>' type=com.pokeapp.pokeApk.data.repository.PokeComposeKt.SimplePokemonDetailFixed.<no name provided> origin=null
                value: GET_VAR '$error$delegate: androidx.compose.runtime.MutableState<kotlin.String?> declared in com.pokeapp.pokeApk.data.repository.PokeComposeKt.SimplePokemonDetailFixed.<no name provided>.<init>' type=androidx.compose.runtime.MutableState<kotlin.String?> origin=null
              SET_FIELD 'FIELD FIELD_FOR_CAPTURED_VALUE name:$isLoading$delegate type:androidx.compose.runtime.MutableState<kotlin.Boolean> visibility:public/*package*/ [final] declared in com.pokeapp.pokeApk.data.repository.PokeComposeKt.SimplePokemonDetailFixed.<no name provided>' type=kotlin.Unit origin=INITIALIZER_OF_FIELD_FOR_CAPTURED_VALUE
                receiver: GET_VAR '<this>: com.pokeapp.pokeApk.data.repository.PokeComposeKt.SimplePokemonDetailFixed.<no name provided> declared in com.pokeapp.pokeApk.data.repository.PokeComposeKt.SimplePokemonDetailFixed.<no name provided>' type=com.pokeapp.pokeApk.data.repository.PokeComposeKt.SimplePokemonDetailFixed.<no name provided> origin=null
                value: GET_VAR '$isLoading$delegate: androidx.compose.runtime.MutableState<kotlin.Boolean> declared in com.pokeapp.pokeApk.data.repository.PokeComposeKt.SimplePokemonDetailFixed.<no name provided>.<init>' type=androidx.compose.runtime.MutableState<kotlin.Boolean> origin=null
              DELEGATING_CONSTRUCTOR_CALL 'public constructor <init> (arity: kotlin.Int, $completion: kotlin.coroutines.Continuation<kotlin.Any?>?) declared in kotlin.coroutines.jvm.internal.SuspendLambda'
                arity: CONST Int type=kotlin.Int value=2
                $completion: GET_VAR '$completion: kotlin.coroutines.Continuation<com.pokeapp.pokeApk.data.repository.PokeComposeKt.SimplePokemonDetailFixed.<no name provided>>? declared in com.pokeapp.pokeApk.data.repository.PokeComposeKt.SimplePokemonDetailFixed.<no name provided>.<init>' type=kotlin.coroutines.Continuation<com.pokeapp.pokeApk.data.repository.PokeComposeKt.SimplePokemonDetailFixed.<no name provided>>? origin=null
              BLOCK type=kotlin.Unit origin=null
          FUN name:invokeSuspend visibility:public modality:FINAL <> ($this:com.pokeapp.pokeApk.data.repository.PokeComposeKt.SimplePokemonDetailFixed.<no name provided>, $result:kotlin.Result<kotlin.Any?>) returnType:kotlin.Any?
            overridden:
              protected abstract fun invokeSuspend ($result: kotlin.Result<kotlin.Any?>): kotlin.Any? declared in kotlin.coroutines.jvm.internal.SuspendLambda
            $this: VALUE_PARAMETER INSTANCE_RECEIVER name:<this> type:com.pokeapp.pokeApk.data.repository.PokeComposeKt.SimplePokemonDetailFixed.<no name provided>
            VALUE_PARAMETER name:$result index:0 type:kotlin.Result<kotlin.Any?>
            BLOCK_BODY
              TRY type=kotlin.Unit
                try: BLOCK type=kotlin.Unit origin=null
                  CALL 'public final fun access$SimplePokemonDetailFixed$lambda$6 ($pokemon$delegate: androidx.compose.runtime.MutableState<com.pokeapp.pokeApk.data.localDatabase.model.PokemonEntity?>, <set-?>: com.pokeapp.pokeApk.data.localDatabase.model.PokemonEntity?): kotlin.Unit declared in com.pokeapp.pokeApk.data.repository.PokeComposeKt' type=kotlin.Unit origin=EQ
                    $pokemon$delegate: GET_FIELD 'FIELD FIELD_FOR_CAPTURED_VALUE name:$pokemon$delegate type:androidx.compose.runtime.MutableState<com.pokeapp.pokeApk.data.localDatabase.model.PokemonEntity?> visibility:public/*package*/ [final] declared in com.pokeapp.pokeApk.data.repository.PokeComposeKt.SimplePokemonDetailFixed.<no name provided>' type=androidx.compose.runtime.MutableState<com.pokeapp.pokeApk.data.localDatabase.model.PokemonEntity?> origin=null
                      receiver: GET_VAR '<this>: com.pokeapp.pokeApk.data.repository.PokeComposeKt.SimplePokemonDetailFixed.<no name provided> declared in com.pokeapp.pokeApk.data.repository.PokeComposeKt.SimplePokemonDetailFixed.<no name provided>.invokeSuspend' type=com.pokeapp.pokeApk.data.repository.PokeComposeKt.SimplePokemonDetailFixed.<no name provided> origin=null
                    <set-?>: CALL 'public final fun getPokemon (id: kotlin.Int, $completion: kotlin.coroutines.Continuation<com.pokeapp.pokeApk.data.localDatabase.model.PokemonEntity>): kotlin.Any? [suspend] declared in com.pokeapp.pokeApk.data.repository.PokeRepository' type=com.pokeapp.pokeApk.data.localDatabase.model.PokemonEntity origin=null
                      $this: GET_FIELD 'FIELD FIELD_FOR_CAPTURED_VALUE name:$repository type:com.pokeapp.pokeApk.data.repository.PokeRepository visibility:public/*package*/ [final] declared in com.pokeapp.pokeApk.data.repository.PokeComposeKt.SimplePokemonDetailFixed.<no name provided>' type=com.pokeapp.pokeApk.data.repository.PokeRepository origin=null
                        receiver: GET_VAR '<this>: com.pokeapp.pokeApk.data.repository.PokeComposeKt.SimplePokemonDetailFixed.<no name provided> declared in com.pokeapp.pokeApk.data.repository.PokeComposeKt.SimplePokemonDetailFixed.<no name provided>.invokeSuspend' type=com.pokeapp.pokeApk.data.repository.PokeComposeKt.SimplePokemonDetailFixed.<no name provided> origin=null
                      id: GET_FIELD 'FIELD FIELD_FOR_CAPTURED_VALUE name:$pokemonId type:kotlin.Int visibility:public/*package*/ [final] declared in com.pokeapp.pokeApk.data.repository.PokeComposeKt.SimplePokemonDetailFixed.<no name provided>' type=kotlin.Int origin=null
                        receiver: GET_VAR '<this>: com.pokeapp.pokeApk.data.repository.PokeComposeKt.SimplePokemonDetailFixed.<no name provided> declared in com.pokeapp.pokeApk.data.repository.PokeComposeKt.SimplePokemonDetailFixed.<no name provided>.invokeSuspend' type=com.pokeapp.pokeApk.data.repository.PokeComposeKt.SimplePokemonDetailFixed.<no name provided> origin=null
                      $completion: GET_VAR '<this>: com.pokeapp.pokeApk.data.repository.PokeComposeKt.SimplePokemonDetailFixed.<no name provided> declared in com.pokeapp.pokeApk.data.repository.PokeComposeKt.SimplePokemonDetailFixed.<no name provided>.invokeSuspend' type=com.pokeapp.pokeApk.data.repository.PokeComposeKt.SimplePokemonDetailFixed.<no name provided> origin=null
                CATCH parameter=val e: java.lang.Exception [val] declared in com.pokeapp.pokeApk.data.repository.PokeComposeKt.SimplePokemonDetailFixed.<no name provided>.invokeSuspend
                  VAR CATCH_PARAMETER name:e type:java.lang.Exception [val]
                  BLOCK type=kotlin.Unit origin=null
                    CALL 'public final fun access$SimplePokemonDetailFixed$lambda$9 ($error$delegate: androidx.compose.runtime.MutableState<kotlin.String?>, <set-?>: kotlin.String?): kotlin.Unit declared in com.pokeapp.pokeApk.data.repository.PokeComposeKt' type=kotlin.Unit origin=EQ
                      $error$delegate: GET_FIELD 'FIELD FIELD_FOR_CAPTURED_VALUE name:$error$delegate type:androidx.compose.runtime.MutableState<kotlin.String?> visibility:public/*package*/ [final] declared in com.pokeapp.pokeApk.data.repository.PokeComposeKt.SimplePokemonDetailFixed.<no name provided>' type=androidx.compose.runtime.MutableState<kotlin.String?> origin=null
                        receiver: GET_VAR '<this>: com.pokeapp.pokeApk.data.repository.PokeComposeKt.SimplePokemonDetailFixed.<no name provided> declared in com.pokeapp.pokeApk.data.repository.PokeComposeKt.SimplePokemonDetailFixed.<no name provided>.invokeSuspend' type=com.pokeapp.pokeApk.data.repository.PokeComposeKt.SimplePokemonDetailFixed.<no name provided> origin=null
                      <set-?>: BLOCK type=kotlin.String? origin=FOLDED_ELVIS
                        WHEN type=kotlin.String? origin=FOLDED_ELVIS
                          BRANCH
                            if: COMPOSITE type=kotlin.Boolean origin=null
                              VAR IR_TEMPORARY_VARIABLE name:tmp0_elvis_lhs type:kotlin.String? [val]
                                CALL 'public open fun <get-message> (): kotlin.String? [fake_override] declared in java.lang.Exception' type=kotlin.String? origin=GET_PROPERTY
                                  $this: GET_VAR 'val e: java.lang.Exception [val] declared in com.pokeapp.pokeApk.data.repository.PokeComposeKt.SimplePokemonDetailFixed.<no name provided>.invokeSuspend' type=java.lang.Exception origin=null
                              CALL 'public final fun not (): kotlin.Boolean [operator] declared in kotlin.Boolean' type=kotlin.Boolean origin=null
                                $this: CALL 'public final fun EQEQ (arg0: kotlin.Any?, arg1: kotlin.Any?): kotlin.Boolean declared in kotlin.internal.ir' type=kotlin.Boolean origin=null
                                  arg0: GET_VAR 'val tmp0_elvis_lhs: kotlin.String? [val] declared in com.pokeapp.pokeApk.data.repository.PokeComposeKt.SimplePokemonDetailFixed.<no name provided>.invokeSuspend' type=kotlin.String? origin=null
                                  arg1: CONST Null type=kotlin.Nothing? value=null
                            then: GET_VAR 'val tmp0_elvis_lhs: kotlin.String? [val] declared in com.pokeapp.pokeApk.data.repository.PokeComposeKt.SimplePokemonDetailFixed.<no name provided>.invokeSuspend' type=kotlin.String? origin=null
                          BRANCH
                            if: CONST Boolean type=kotlin.Boolean value=true
                            then: CONST String type=kotlin.String value="Error al cargar"
                finally: BLOCK type=kotlin.Unit origin=null
                  CALL 'public final fun access$SimplePokemonDetailFixed$lambda$3 ($isLoading$delegate: androidx.compose.runtime.MutableState<kotlin.Boolean>, <set-?>: kotlin.Boolean): kotlin.Unit declared in com.pokeapp.pokeApk.data.repository.PokeComposeKt' type=kotlin.Unit origin=EQ
                    $isLoading$delegate: GET_FIELD 'FIELD FIELD_FOR_CAPTURED_VALUE name:$isLoading$delegate type:androidx.compose.runtime.MutableState<kotlin.Boolean> visibility:public/*package*/ [final] declared in com.pokeapp.pokeApk.data.repository.PokeComposeKt.SimplePokemonDetailFixed.<no name provided>' type=androidx.compose.runtime.MutableState<kotlin.Boolean> origin=null
                      receiver: GET_VAR '<this>: com.pokeapp.pokeApk.data.repository.PokeComposeKt.SimplePokemonDetailFixed.<no name provided> declared in com.pokeapp.pokeApk.data.repository.PokeComposeKt.SimplePokemonDetailFixed.<no name provided>.invokeSuspend' type=com.pokeapp.pokeApk.data.repository.PokeComposeKt.SimplePokemonDetailFixed.<no name provided> origin=null
                    <set-?>: CONST Boolean type=kotlin.Boolean value=false
          FUN name:create visibility:public modality:FINAL <> ($this:com.pokeapp.pokeApk.data.repository.PokeComposeKt.SimplePokemonDetailFixed.<no name provided>, value:kotlin.Any?, $completion:kotlin.coroutines.Continuation<kotlin.Nothing>) returnType:kotlin.coroutines.Continuation<kotlin.Unit>
            overridden:
              public open fun create (value: kotlin.Any?, $completion: kotlin.coroutines.Continuation<kotlin.Nothing>): kotlin.coroutines.Continuation<kotlin.Unit> declared in kotlin.coroutines.jvm.internal.SuspendLambda
            $this: VALUE_PARAMETER INSTANCE_RECEIVER name:<this> type:com.pokeapp.pokeApk.data.repository.PokeComposeKt.SimplePokemonDetailFixed.<no name provided>
            VALUE_PARAMETER name:value index:0 type:kotlin.Any?
            VALUE_PARAMETER name:$completion index:1 type:kotlin.coroutines.Continuation<kotlin.Nothing>
            BLOCK_BODY
              RETURN type=kotlin.Nothing from='public final fun create (value: kotlin.Any?, $completion: kotlin.coroutines.Continuation<kotlin.Nothing>): kotlin.coroutines.Continuation<kotlin.Unit> declared in com.pokeapp.pokeApk.data.repository.PokeComposeKt.SimplePokemonDetailFixed.<no name provided>'
                CONSTRUCTOR_CALL 'public/*package*/ constructor <init> ($repository: com.pokeapp.pokeApk.data.repository.PokeRepository, $pokemonId: kotlin.Int, $pokemon$delegate: androidx.compose.runtime.MutableState<com.pokeapp.pokeApk.data.localDatabase.model.PokemonEntity?>, $error$delegate: androidx.compose.runtime.MutableState<kotlin.String?>, $isLoading$delegate: androidx.compose.runtime.MutableState<kotlin.Boolean>, $completion: kotlin.coroutines.Continuation<com.pokeapp.pokeApk.data.repository.PokeComposeKt.SimplePokemonDetailFixed.<no name provided>>?) [primary] declared in com.pokeapp.pokeApk.data.repository.PokeComposeKt.SimplePokemonDetailFixed.<no name provided>' type=com.pokeapp.pokeApk.data.repository.PokeComposeKt.SimplePokemonDetailFixed.<no name provided> origin=null
                  $repository: GET_FIELD 'FIELD FIELD_FOR_CAPTURED_VALUE name:$repository type:com.pokeapp.pokeApk.data.repository.PokeRepository visibility:public/*package*/ [final] declared in com.pokeapp.pokeApk.data.repository.PokeComposeKt.SimplePokemonDetailFixed.<no name provided>' type=com.pokeapp.pokeApk.data.repository.PokeRepository origin=null
                    receiver: GET_VAR '<this>: com.pokeapp.pokeApk.data.repository.PokeComposeKt.SimplePokemonDetailFixed.<no name provided> declared in com.pokeapp.pokeApk.data.repository.PokeComposeKt.SimplePokemonDetailFixed.<no name provided>.create' type=com.pokeapp.pokeApk.data.repository.PokeComposeKt.SimplePokemonDetailFixed.<no name provided> origin=null
                  $pokemonId: GET_FIELD 'FIELD FIELD_FOR_CAPTURED_VALUE name:$pokemonId type:kotlin.Int visibility:public/*package*/ [final] declared in com.pokeapp.pokeApk.data.repository.PokeComposeKt.SimplePokemonDetailFixed.<no name provided>' type=kotlin.Int origin=null
                    receiver: GET_VAR '<this>: com.pokeapp.pokeApk.data.repository.PokeComposeKt.SimplePokemonDetailFixed.<no name provided> declared in com.pokeapp.pokeApk.data.repository.PokeComposeKt.SimplePokemonDetailFixed.<no name provided>.create' type=com.pokeapp.pokeApk.data.repository.PokeComposeKt.SimplePokemonDetailFixed.<no name provided> origin=null
                  $pokemon$delegate: GET_FIELD 'FIELD FIELD_FOR_CAPTURED_VALUE name:$pokemon$delegate type:androidx.compose.runtime.MutableState<com.pokeapp.pokeApk.data.localDatabase.model.PokemonEntity?> visibility:public/*package*/ [final] declared in com.pokeapp.pokeApk.data.repository.PokeComposeKt.SimplePokemonDetailFixed.<no name provided>' type=androidx.compose.runtime.MutableState<com.pokeapp.pokeApk.data.localDatabase.model.PokemonEntity?> origin=null
                    receiver: GET_VAR '<this>: com.pokeapp.pokeApk.data.repository.PokeComposeKt.SimplePokemonDetailFixed.<no name provided> declared in com.pokeapp.pokeApk.data.repository.PokeComposeKt.SimplePokemonDetailFixed.<no name provided>.create' type=com.pokeapp.pokeApk.data.repository.PokeComposeKt.SimplePokemonDetailFixed.<no name provided> origin=null
                  $error$delegate: GET_FIELD 'FIELD FIELD_FOR_CAPTURED_VALUE name:$error$delegate type:androidx.compose.runtime.MutableState<kotlin.String?> visibility:public/*package*/ [final] declared in com.pokeapp.pokeApk.data.repository.PokeComposeKt.SimplePokemonDetailFixed.<no name provided>' type=androidx.compose.runtime.MutableState<kotlin.String?> origin=null
                    receiver: GET_VAR '<this>: com.pokeapp.pokeApk.data.repository.PokeComposeKt.SimplePokemonDetailFixed.<no name provided> declared in com.pokeapp.pokeApk.data.repository.PokeComposeKt.SimplePokemonDetailFixed.<no name provided>.create' type=com.pokeapp.pokeApk.data.repository.PokeComposeKt.SimplePokemonDetailFixed.<no name provided> origin=null
                  $isLoading$delegate: GET_FIELD 'FIELD FIELD_FOR_CAPTURED_VALUE name:$isLoading$delegate type:androidx.compose.runtime.MutableState<kotlin.Boolean> visibility:public/*package*/ [final] declared in com.pokeapp.pokeApk.data.repository.PokeComposeKt.SimplePokemonDetailFixed.<no name provided>' type=androidx.compose.runtime.MutableState<kotlin.Boolean> origin=null
                    receiver: GET_VAR '<this>: com.pokeapp.pokeApk.data.repository.PokeComposeKt.SimplePokemonDetailFixed.<no name provided> declared in com.pokeapp.pokeApk.data.repository.PokeComposeKt.SimplePokemonDetailFixed.<no name provided>.create' type=com.pokeapp.pokeApk.data.repository.PokeComposeKt.SimplePokemonDetailFixed.<no name provided> origin=null
                  $completion: GET_VAR '$completion: kotlin.coroutines.Continuation<kotlin.Nothing> declared in com.pokeapp.pokeApk.data.repository.PokeComposeKt.SimplePokemonDetailFixed.<no name provided>.create' type=kotlin.coroutines.Continuation<kotlin.Nothing> origin=null
          FUN name:invoke visibility:public modality:FINAL <> ($this:com.pokeapp.pokeApk.data.repository.PokeComposeKt.SimplePokemonDetailFixed.<no name provided>, p1:kotlinx.coroutines.CoroutineScope, p2:kotlin.coroutines.Continuation<kotlin.Unit>?) returnType:kotlin.Any?
            overridden:
              public abstract fun invoke (p1: P1 of kotlin.jvm.functions.Function2, p2: P2 of kotlin.jvm.functions.Function2): R of kotlin.jvm.functions.Function2 declared in kotlin.jvm.functions.Function2
            $this: VALUE_PARAMETER INSTANCE_RECEIVER name:<this> type:com.pokeapp.pokeApk.data.repository.PokeComposeKt.SimplePokemonDetailFixed.<no name provided>
            VALUE_PARAMETER name:p1 index:0 type:kotlinx.coroutines.CoroutineScope
            VALUE_PARAMETER name:p2 index:1 type:kotlin.coroutines.Continuation<kotlin.Unit>?
            BLOCK_BODY
              RETURN type=kotlin.Nothing from='public final fun invoke (p1: kotlinx.coroutines.CoroutineScope, p2: kotlin.coroutines.Continuation<kotlin.Unit>?): kotlin.Any? declared in com.pokeapp.pokeApk.data.repository.PokeComposeKt.SimplePokemonDetailFixed.<no name provided>'
                CALL 'public final fun invokeSuspend ($result: kotlin.Result<kotlin.Any?>): kotlin.Any? declared in com.pokeapp.pokeApk.data.repository.PokeComposeKt.SimplePokemonDetailFixed.<no name provided>' type=kotlin.Any? origin=null
                  $this: TYPE_OP type=com.pokeapp.pokeApk.data.repository.PokeComposeKt.SimplePokemonDetailFixed.<no name provided> origin=IMPLICIT_CAST typeOperand=com.pokeapp.pokeApk.data.repository.PokeComposeKt.SimplePokemonDetailFixed.<no name provided>
                    CALL 'public final fun create (value: kotlin.Any?, $completion: kotlin.coroutines.Continuation<kotlin.Nothing>): kotlin.coroutines.Continuation<kotlin.Unit> declared in com.pokeapp.pokeApk.data.repository.PokeComposeKt.SimplePokemonDetailFixed.<no name provided>' type=kotlin.coroutines.Continuation<kotlin.Unit> origin=null
                      $this: GET_VAR '<this>: com.pokeapp.pokeApk.data.repository.PokeComposeKt.SimplePokemonDetailFixed.<no name provided> declared in com.pokeapp.pokeApk.data.repository.PokeComposeKt.SimplePokemonDetailFixed.<no name provided>.invoke' type=com.pokeapp.pokeApk.data.repository.PokeComposeKt.SimplePokemonDetailFixed.<no name provided> origin=null
                      value: GET_VAR 'p1: kotlinx.coroutines.CoroutineScope declared in com.pokeapp.pokeApk.data.repository.PokeComposeKt.SimplePokemonDetailFixed.<no name provided>.invoke' type=kotlinx.coroutines.CoroutineScope origin=null
                      $completion: GET_VAR 'p2: kotlin.coroutines.Continuation<kotlin.Unit>? declared in com.pokeapp.pokeApk.data.repository.PokeComposeKt.SimplePokemonDetailFixed.<no name provided>.invoke' type=kotlin.coroutines.Continuation<kotlin.Unit>? origin=null
                  $result: CALL 'public final fun <unsafe-coerce> <T, R> (v: T of kotlin.jvm.internal.<unsafe-coerce>): R of kotlin.jvm.internal.<unsafe-coerce> declared in kotlin.jvm.internal' type=kotlin.Result<kotlin.Any?> origin=null
                    <T>: kotlin.Any?
                    <R>: kotlin.Result<kotlin.Any?>
                    v: GET_FIELD 'FIELD FIELD_FOR_OBJECT_INSTANCE name:INSTANCE type:kotlin.Unit visibility:public [final,static] declared in kotlin.Unit' type=kotlin.Unit origin=null
          FIELD FIELD_FOR_CAPTURED_VALUE name:$repository type:com.pokeapp.pokeApk.data.repository.PokeRepository visibility:public/*package*/ [final]
          FIELD FIELD_FOR_CAPTURED_VALUE name:$pokemonId type:kotlin.Int visibility:public/*package*/ [final]
          FIELD FIELD_FOR_CAPTURED_VALUE name:$pokemon$delegate type:androidx.compose.runtime.MutableState<com.pokeapp.pokeApk.data.localDatabase.model.PokemonEntity?> visibility:public/*package*/ [final]
          FIELD FIELD_FOR_CAPTURED_VALUE name:$error$delegate type:androidx.compose.runtime.MutableState<kotlin.String?> visibility:public/*package*/ [final]
          FIELD FIELD_FOR_CAPTURED_VALUE name:$isLoading$delegate type:androidx.compose.runtime.MutableState<kotlin.Boolean> visibility:public/*package*/ [final]
          FUN BRIDGE name:invoke visibility:public modality:OPEN <> ($this:com.pokeapp.pokeApk.data.repository.PokeComposeKt.SimplePokemonDetailFixed.<no name provided>, p1:kotlin.Any?, p2:kotlin.Any?) returnType:kotlin.Any?
            $this: VALUE_PARAMETER INSTANCE_RECEIVER name:<this> type:com.pokeapp.pokeApk.data.repository.PokeComposeKt.SimplePokemonDetailFixed.<no name provided>
            VALUE_PARAMETER BRIDGE name:p1 index:0 type:kotlin.Any?
            VALUE_PARAMETER BRIDGE name:p2 index:1 type:kotlin.Any?
            EXPRESSION_BODY
              RETURN type=kotlin.Nothing from='public open fun invoke (p1: kotlin.Any?, p2: kotlin.Any?): kotlin.Any? declared in com.pokeapp.pokeApk.data.repository.PokeComposeKt.SimplePokemonDetailFixed.<no name provided>'
                CALL 'public final fun invoke (p1: kotlinx.coroutines.CoroutineScope, p2: kotlin.coroutines.Continuation<kotlin.Unit>?): kotlin.Any? declared in com.pokeapp.pokeApk.data.repository.PokeComposeKt.SimplePokemonDetailFixed.<no name provided>' type=kotlin.Any? origin=BRIDGE_DELEGATION
                  $this: GET_VAR '<this>: com.pokeapp.pokeApk.data.repository.PokeComposeKt.SimplePokemonDetailFixed.<no name provided> declared in com.pokeapp.pokeApk.data.repository.PokeComposeKt.SimplePokemonDetailFixed.<no name provided>.invoke' type=com.pokeapp.pokeApk.data.repository.PokeComposeKt.SimplePokemonDetailFixed.<no name provided> origin=null
                  p1: TYPE_OP type=kotlinx.coroutines.CoroutineScope origin=IMPLICIT_CAST typeOperand=kotlinx.coroutines.CoroutineScope
                    GET_VAR 'p1: kotlin.Any? declared in com.pokeapp.pokeApk.data.repository.PokeComposeKt.SimplePokemonDetailFixed.<no name provided>.invoke' type=kotlin.Any? origin=null
                  p2: TYPE_OP type=kotlin.coroutines.Continuation<*> origin=IMPLICIT_CAST typeOperand=kotlin.coroutines.Continuation<*>
                    GET_VAR 'p2: kotlin.Any? declared in com.pokeapp.pokeApk.data.repository.PokeComposeKt.SimplePokemonDetailFixed.<no name provided>.invoke' type=kotlin.Any? origin=null
        CONSTRUCTOR_CALL 'public/*package*/ constructor <init> ($repository: com.pokeapp.pokeApk.data.repository.PokeRepository, $pokemonId: kotlin.Int, $pokemon$delegate: androidx.compose.runtime.MutableState<com.pokeapp.pokeApk.data.localDatabase.model.PokemonEntity?>, $error$delegate: androidx.compose.runtime.MutableState<kotlin.String?>, $isLoading$delegate: androidx.compose.runtime.MutableState<kotlin.Boolean>, $completion: kotlin.coroutines.Continuation<com.pokeapp.pokeApk.data.repository.PokeComposeKt.SimplePokemonDetailFixed.<no name provided>>?) [primary] declared in com.pokeapp.pokeApk.data.repository.PokeComposeKt.SimplePokemonDetailFixed.<no name provided>' type=com.pokeapp.pokeApk.data.repository.PokeComposeKt.SimplePokemonDetailFixed.<no name provided> origin=null
          $repository: GET_VAR 'val repository: com.pokeapp.pokeApk.data.repository.PokeRepository [val] declared in com.pokeapp.pokeApk.data.repository.PokeComposeKt.SimplePokemonDetailFixed' type=com.pokeapp.pokeApk.data.repository.PokeRepository origin=null
          $pokemonId: GET_VAR 'val pokemonId: kotlin.Int [val] declared in com.pokeapp.pokeApk.data.repository.PokeComposeKt.SimplePokemonDetailFixed' type=kotlin.Int origin=null
          $pokemon$delegate: GET_VAR 'val pokemon$delegate: androidx.compose.runtime.MutableState<com.pokeapp.pokeApk.data.localDatabase.model.PokemonEntity?> [val] declared in com.pokeapp.pokeApk.data.repository.PokeComposeKt.SimplePokemonDetailFixed' type=androidx.compose.runtime.MutableState<com.pokeapp.pokeApk.data.localDatabase.model.PokemonEntity?> origin=null
          $error$delegate: GET_VAR 'val error$delegate: androidx.compose.runtime.MutableState<kotlin.String?> [val] declared in com.pokeapp.pokeApk.data.repository.PokeComposeKt.SimplePokemonDetailFixed' type=androidx.compose.runtime.MutableState<kotlin.String?> origin=null
          $isLoading$delegate: GET_VAR 'val isLoading$delegate: androidx.compose.runtime.MutableState<kotlin.Boolean> [val] declared in com.pokeapp.pokeApk.data.repository.PokeComposeKt.SimplePokemonDetailFixed' type=androidx.compose.runtime.MutableState<kotlin.Boolean> origin=null
          $completion: CONST Null type=kotlin.Nothing? value=null
    WHEN type=kotlin.Unit origin=WHEN
      BRANCH
        if: CALL 'private final fun SimplePokemonDetailFixed$lambda$2 ($isLoading$delegate: androidx.compose.runtime.MutableState<kotlin.Boolean>): kotlin.Boolean declared in com.pokeapp.pokeApk.data.repository.PokeComposeKt' type=kotlin.Boolean origin=GET_LOCAL_PROPERTY
          $isLoading$delegate: GET_VAR 'val isLoading$delegate: androidx.compose.runtime.MutableState<kotlin.Boolean> [val] declared in com.pokeapp.pokeApk.data.repository.PokeComposeKt.SimplePokemonDetailFixed' type=androidx.compose.runtime.MutableState<kotlin.Boolean> origin=null
        then: CALL 'public final fun Box$default (modifier: androidx.compose.ui.Modifier?, contentAlignment: androidx.compose.ui.Alignment?, propagateMinConstraints: kotlin.Boolean, content: @[Composable] @[ExtensionFunctionType] kotlin.Function1<androidx.compose.foundation.layout.BoxScope, kotlin.Unit>, $mask0: kotlin.Int, $handler: kotlin.Any?): kotlin.Unit [inline] declared in androidx.compose.foundation.layout.BoxKt' type=kotlin.Unit origin=DEFAULT_DISPATCH_CALL
          modifier: CALL 'public final fun fillMaxSize$default (fraction: kotlin.Float, $mask0: kotlin.Int, $handler: kotlin.Any?): androidx.compose.ui.Modifier declared in androidx.compose.foundation.layout.SizeKt' type=androidx.compose.ui.Modifier origin=DEFAULT_DISPATCH_CALL
            $receiver: GET_FIELD 'FIELD FIELD_FOR_OBJECT_INSTANCE name:Companion type:androidx.compose.ui.Modifier.Companion visibility:public [final,static] declared in androidx.compose.ui.Modifier' type=androidx.compose.ui.Modifier.Companion origin=null
            fraction: COMPOSITE type=kotlin.Float origin=DEFAULT_VALUE
              CONST Float type=kotlin.Float value=0.0
            $mask0: CONST Int type=kotlin.Int value=1
            $handler: CONST Null type=kotlin.Any? value=null
          contentAlignment: CALL 'public final fun <get-Center> (): androidx.compose.ui.Alignment declared in androidx.compose.ui.Alignment.Companion' type=androidx.compose.ui.Alignment origin=GET_PROPERTY
            $this: GET_FIELD 'FIELD FIELD_FOR_OBJECT_INSTANCE name:Companion type:androidx.compose.ui.Alignment.Companion visibility:public [final,static] declared in androidx.compose.ui.Alignment' type=androidx.compose.ui.Alignment.Companion origin=null
          propagateMinConstraints: COMPOSITE type=kotlin.Boolean origin=DEFAULT_VALUE
            CONST Boolean type=kotlin.Boolean value=false
          content: BLOCK type=@[ExtensionFunctionType] kotlin.Function1<androidx.compose.foundation.layout.BoxScope, kotlin.Unit> origin=LAMBDA
            COMPOSITE type=kotlin.Unit origin=null
            FUNCTION_REFERENCE 'private final fun SimplePokemonDetailFixed$lambda$10 (): kotlin.Unit declared in com.pokeapp.pokeApk.data.repository.PokeComposeKt' type=@[ExtensionFunctionType] kotlin.Function1<androidx.compose.foundation.layout.BoxScope, kotlin.Unit> origin=INLINE_LAMBDA reflectionTarget=null
          $mask0: CONST Int type=kotlin.Int value=4
          $handler: CONST Null type=kotlin.Any? value=null
      BRANCH
        if: CALL 'public final fun not (): kotlin.Boolean [operator] declared in kotlin.Boolean' type=kotlin.Boolean origin=EXCLEQ
          $this: CALL 'public final fun EQEQ (arg0: kotlin.Any?, arg1: kotlin.Any?): kotlin.Boolean declared in kotlin.internal.ir' type=kotlin.Boolean origin=EXCLEQ
            arg0: CALL 'private final fun SimplePokemonDetailFixed$lambda$8 ($error$delegate: androidx.compose.runtime.MutableState<kotlin.String?>): kotlin.String? declared in com.pokeapp.pokeApk.data.repository.PokeComposeKt' type=kotlin.String? origin=GET_LOCAL_PROPERTY
              $error$delegate: GET_VAR 'val error$delegate: androidx.compose.runtime.MutableState<kotlin.String?> [val] declared in com.pokeapp.pokeApk.data.repository.PokeComposeKt.SimplePokemonDetailFixed' type=androidx.compose.runtime.MutableState<kotlin.String?> origin=null
            arg1: CONST Null type=kotlin.Nothing? value=null
        then: CALL 'public final fun Box$default (modifier: androidx.compose.ui.Modifier?, contentAlignment: androidx.compose.ui.Alignment?, propagateMinConstraints: kotlin.Boolean, content: @[Composable] @[ExtensionFunctionType] kotlin.Function1<androidx.compose.foundation.layout.BoxScope, kotlin.Unit>, $mask0: kotlin.Int, $handler: kotlin.Any?): kotlin.Unit [inline] declared in androidx.compose.foundation.layout.BoxKt' type=kotlin.Unit origin=DEFAULT_DISPATCH_CALL
          modifier: CALL 'public final fun fillMaxSize$default (fraction: kotlin.Float, $mask0: kotlin.Int, $handler: kotlin.Any?): androidx.compose.ui.Modifier declared in androidx.compose.foundation.layout.SizeKt' type=androidx.compose.ui.Modifier origin=DEFAULT_DISPATCH_CALL
            $receiver: GET_FIELD 'FIELD FIELD_FOR_OBJECT_INSTANCE name:Companion type:androidx.compose.ui.Modifier.Companion visibility:public [final,static] declared in androidx.compose.ui.Modifier' type=androidx.compose.ui.Modifier.Companion origin=null
            fraction: COMPOSITE type=kotlin.Float origin=DEFAULT_VALUE
              CONST Float type=kotlin.Float value=0.0
            $mask0: CONST Int type=kotlin.Int value=1
            $handler: CONST Null type=kotlin.Any? value=null
          contentAlignment: CALL 'public final fun <get-Center> (): androidx.compose.ui.Alignment declared in androidx.compose.ui.Alignment.Companion' type=androidx.compose.ui.Alignment origin=GET_PROPERTY
            $this: GET_FIELD 'FIELD FIELD_FOR_OBJECT_INSTANCE name:Companion type:androidx.compose.ui.Alignment.Companion visibility:public [final,static] declared in androidx.compose.ui.Alignment' type=androidx.compose.ui.Alignment.Companion origin=null
          propagateMinConstraints: COMPOSITE type=kotlin.Boolean origin=DEFAULT_VALUE
            CONST Boolean type=kotlin.Boolean value=false
          content: BLOCK type=@[ExtensionFunctionType] kotlin.Function1<androidx.compose.foundation.layout.BoxScope, kotlin.Unit> origin=LAMBDA
            COMPOSITE type=kotlin.Unit origin=null
            FUNCTION_REFERENCE 'private final fun SimplePokemonDetailFixed$lambda$11 ($error$delegate: androidx.compose.runtime.MutableState<kotlin.String?>): kotlin.Unit declared in com.pokeapp.pokeApk.data.repository.PokeComposeKt' type=@[ExtensionFunctionType] kotlin.Function1<androidx.compose.foundation.layout.BoxScope, kotlin.Unit> origin=INLINE_LAMBDA reflectionTarget=null
              $error$delegate: GET_VAR 'val error$delegate: androidx.compose.runtime.MutableState<kotlin.String?> [val] declared in com.pokeapp.pokeApk.data.repository.PokeComposeKt.SimplePokemonDetailFixed' type=androidx.compose.runtime.MutableState<kotlin.String?> origin=null
          $mask0: CONST Int type=kotlin.Int value=4
          $handler: CONST Null type=kotlin.Any? value=null
      BRANCH
        if: CALL 'public final fun not (): kotlin.Boolean [operator] declared in kotlin.Boolean' type=kotlin.Boolean origin=EXCLEQ
          $this: CALL 'public final fun EQEQ (arg0: kotlin.Any?, arg1: kotlin.Any?): kotlin.Boolean declared in kotlin.internal.ir' type=kotlin.Boolean origin=EXCLEQ
            arg0: CALL 'private final fun SimplePokemonDetailFixed$lambda$5 ($pokemon$delegate: androidx.compose.runtime.MutableState<com.pokeapp.pokeApk.data.localDatabase.model.PokemonEntity?>): com.pokeapp.pokeApk.data.localDatabase.model.PokemonEntity? declared in com.pokeapp.pokeApk.data.repository.PokeComposeKt' type=com.pokeapp.pokeApk.data.localDatabase.model.PokemonEntity? origin=GET_LOCAL_PROPERTY
              $pokemon$delegate: GET_VAR 'val pokemon$delegate: androidx.compose.runtime.MutableState<com.pokeapp.pokeApk.data.localDatabase.model.PokemonEntity?> [val] declared in com.pokeapp.pokeApk.data.repository.PokeComposeKt.SimplePokemonDetailFixed' type=androidx.compose.runtime.MutableState<com.pokeapp.pokeApk.data.localDatabase.model.PokemonEntity?> origin=null
            arg1: CONST Null type=kotlin.Nothing? value=null
        then: CALL 'public final fun Column$default (modifier: androidx.compose.ui.Modifier?, verticalArrangement: androidx.compose.foundation.layout.Arrangement.Vertical?, horizontalAlignment: androidx.compose.ui.Alignment.Horizontal?, content: @[Composable] @[ExtensionFunctionType] kotlin.Function1<androidx.compose.foundation.layout.ColumnScope, kotlin.Unit>, $mask0: kotlin.Int, $handler: kotlin.Any?): kotlin.Unit [inline] declared in androidx.compose.foundation.layout.ColumnKt' type=kotlin.Unit origin=DEFAULT_DISPATCH_CALL
          modifier: CALL 'public final fun padding-3ABfNKs (all: androidx.compose.ui.unit.Dp): androidx.compose.ui.Modifier declared in androidx.compose.foundation.layout.PaddingKt' type=androidx.compose.ui.Modifier origin=null
            $receiver: GET_FIELD 'FIELD FIELD_FOR_OBJECT_INSTANCE name:Companion type:androidx.compose.ui.Modifier.Companion visibility:public [final,static] declared in androidx.compose.ui.Modifier' type=androidx.compose.ui.Modifier.Companion origin=null
            all: CALL 'public final fun <get-dp> (): androidx.compose.ui.unit.Dp [inline] declared in androidx.compose.ui.unit.DpKt' type=androidx.compose.ui.unit.Dp origin=GET_PROPERTY
              $receiver: CONST Int type=kotlin.Int value=16
          verticalArrangement: COMPOSITE type=androidx.compose.foundation.layout.Arrangement.Vertical? origin=DEFAULT_VALUE
            CONST Null type=androidx.compose.foundation.layout.Arrangement.Vertical? value=null
          horizontalAlignment: COMPOSITE type=androidx.compose.ui.Alignment.Horizontal? origin=DEFAULT_VALUE
            CONST Null type=androidx.compose.ui.Alignment.Horizontal? value=null
          content: BLOCK type=@[ExtensionFunctionType] kotlin.Function1<androidx.compose.foundation.layout.ColumnScope, kotlin.Unit> origin=LAMBDA
            COMPOSITE type=kotlin.Unit origin=null
            FUNCTION_REFERENCE 'private final fun SimplePokemonDetailFixed$lambda$13 ($pokemon$delegate: androidx.compose.runtime.MutableState<com.pokeapp.pokeApk.data.localDatabase.model.PokemonEntity?>): kotlin.Unit declared in com.pokeapp.pokeApk.data.repository.PokeComposeKt' type=@[ExtensionFunctionType] kotlin.Function1<androidx.compose.foundation.layout.ColumnScope, kotlin.Unit> origin=INLINE_LAMBDA reflectionTarget=null
              $pokemon$delegate: GET_VAR 'val pokemon$delegate: androidx.compose.runtime.MutableState<com.pokeapp.pokeApk.data.localDatabase.model.PokemonEntity?> [val] declared in com.pokeapp.pokeApk.data.repository.PokeComposeKt.SimplePokemonDetailFixed' type=androidx.compose.runtime.MutableState<com.pokeapp.pokeApk.data.localDatabase.model.PokemonEntity?> origin=null
          $mask0: CONST Int type=kotlin.Int value=6
          $handler: CONST Null type=kotlin.Any? value=null

	at org.jetbrains.kotlin.backend.jvm.codegen.FunctionCodegen.generate(FunctionCodegen.kt:47)
	at org.jetbrains.kotlin.backend.jvm.codegen.FunctionCodegen.generate$default(FunctionCodegen.kt:40)
	at org.jetbrains.kotlin.backend.jvm.codegen.ClassCodegen.generateMethodNode(ClassCodegen.kt:406)
	at org.jetbrains.kotlin.backend.jvm.codegen.ClassCodegen.generateMethod(ClassCodegen.kt:423)
	at org.jetbrains.kotlin.backend.jvm.codegen.ClassCodegen.generate(ClassCodegen.kt:168)
	at org.jetbrains.kotlin.backend.jvm.FileCodegen.lower(JvmPhases.kt:39)
	at org.jetbrains.kotlin.backend.common.phaser.PhaseFactoriesKt.createFilePhase$lambda$4(PhaseFactories.kt:71)
	at org.jetbrains.kotlin.backend.common.phaser.PhaseBuildersKt$createSimpleNamedCompilerPhase$1.phaseBody(PhaseBuilders.kt:69)
	at org.jetbrains.kotlin.backend.common.phaser.SimpleNamedCompilerPhase.phaseBody(CompilerPhase.kt:226)
	at org.jetbrains.kotlin.backend.common.phaser.AbstractNamedCompilerPhase.invoke(CompilerPhase.kt:113)
	at org.jetbrains.kotlin.backend.common.phaser.PerformByIrFilePhase.invokeSequential(performByIrFile.kt:62)
	... 44 more
Caused by: org.jetbrains.kotlin.codegen.CompilationException: Back-end (JVM) Internal error: Couldn't inline method call: CALL 'public final fun <get-current> (): T of androidx.compose.runtime.CompositionLocal [inline] declared in androidx.compose.runtime.CompositionLocal' type=android.content.Context origin=GET_PROPERTY
Method: null
File is unknown
The root cause java.lang.IllegalStateException was thrown at: org.jetbrains.kotlin.codegen.inline.SourceCompilerForInlineKt.getMethodNode(SourceCompilerForInline.kt:118)
	at org.jetbrains.kotlin.codegen.inline.InlineCodegen.performInline(InlineCodegen.kt:65)
	at org.jetbrains.kotlin.backend.jvm.codegen.IrInlineCodegen.genInlineCall(IrInlineCodegen.kt:163)
	at org.jetbrains.kotlin.backend.jvm.codegen.IrInlineCallGenerator.genCall(IrInlineCallGenerator.kt:36)
	at org.jetbrains.kotlin.backend.jvm.codegen.ExpressionCodegen.visitCall(ExpressionCodegen.kt:653)
	at org.jetbrains.kotlin.backend.jvm.codegen.ExpressionCodegen.visitCall(ExpressionCodegen.kt:138)
	at org.jetbrains.kotlin.ir.expressions.IrCall.accept(IrCall.kt:24)
	at org.jetbrains.kotlin.backend.jvm.codegen.ExpressionCodegen.visitVariable(ExpressionCodegen.kt:790)
	at org.jetbrains.kotlin.backend.jvm.codegen.ExpressionCodegen.visitVariable(ExpressionCodegen.kt:138)
	at org.jetbrains.kotlin.ir.declarations.IrVariable.accept(IrVariable.kt:36)
	at org.jetbrains.kotlin.backend.jvm.codegen.ExpressionCodegen.visitStatementContainer(ExpressionCodegen.kt:579)
	at org.jetbrains.kotlin.backend.jvm.codegen.ExpressionCodegen.visitBlockBody(ExpressionCodegen.kt:584)
	at org.jetbrains.kotlin.backend.jvm.codegen.ExpressionCodegen.visitBlockBody(ExpressionCodegen.kt:138)
	at org.jetbrains.kotlin.ir.expressions.IrBlockBody.accept(IrBlockBody.kt:20)
	at org.jetbrains.kotlin.backend.jvm.codegen.ExpressionCodegen.generate(ExpressionCodegen.kt:240)
	at org.jetbrains.kotlin.backend.jvm.codegen.FunctionCodegen.doGenerate(FunctionCodegen.kt:123)
	at org.jetbrains.kotlin.backend.jvm.codegen.FunctionCodegen.generate(FunctionCodegen.kt:44)
	... 54 more
Caused by: java.lang.IllegalStateException: couldn't find inline method Landroidx/compose/runtime/CompositionLocal;.getCurrent()Ljava/lang/Object;
	at org.jetbrains.kotlin.codegen.inline.SourceCompilerForInlineKt.getMethodNode(SourceCompilerForInline.kt:118)
	at org.jetbrains.kotlin.codegen.inline.SourceCompilerForInlineKt.loadCompiledInlineFunction(SourceCompilerForInline.kt:96)
	at org.jetbrains.kotlin.backend.jvm.codegen.IrSourceCompilerForInline.compileInlineFunction(IrSourceCompilerForInline.kt:91)
	at org.jetbrains.kotlin.codegen.inline.InlineCodegen.compileInline(InlineCodegen.kt:43)
	at org.jetbrains.kotlin.codegen.inline.InlineCodegen.performInline(InlineCodegen.kt:51)
	... 69 more


